Determining if the pthread_create exist failed with the following output:
Change Dir: /home/shymon/My/C/gtest/build/CMakeFiles/CMakeTmp

Run Build Command:"/usr/bin/make" "cmTC_9a20c/fast"
/usr/bin/make -f CMakeFiles/cmTC_9a20c.dir/build.make CMakeFiles/cmTC_9a20c.dir/build
make[1]: Entering directory '/home/shymon/My/C/gtest/build/CMakeFiles/CMakeTmp'
Building C object CMakeFiles/cmTC_9a20c.dir/CheckSymbolExists.c.o
/usr/bin/gcc-7   -fPIE   -o CMakeFiles/cmTC_9a20c.dir/CheckSymbolExists.c.o   -c /home/shymon/My/C/gtest/build/CMakeFiles/CMakeTmp/CheckSymbolExists.c
Linking C executable cmTC_9a20c
/usr/bin/cmake -E cmake_link_script CMakeFiles/cmTC_9a20c.dir/link.txt --verbose=1
/usr/bin/gcc-7      -rdynamic CMakeFiles/cmTC_9a20c.dir/CheckSymbolExists.c.o  -o cmTC_9a20c 
CMakeFiles/cmTC_9a20c.dir/CheckSymbolExists.c.o: In function `main':
CheckSymbolExists.c:(.text+0x1b): undefined reference to `pthread_create'
collect2: error: ld returned 1 exit status
CMakeFiles/cmTC_9a20c.dir/build.make:97: recipe for target 'cmTC_9a20c' failed
make[1]: *** [cmTC_9a20c] Error 1
make[1]: Leaving directory '/home/shymon/My/C/gtest/build/CMakeFiles/CMakeTmp'
Makefile:126: recipe for target 'cmTC_9a20c/fast' failed
make: *** [cmTC_9a20c/fast] Error 2

File /home/shymon/My/C/gtest/build/CMakeFiles/CMakeTmp/CheckSymbolExists.c:
/* */
#include <pthread.h>

int main(int argc, char** argv)
{
  (void)argv;
#ifndef pthread_create
  return ((int*)(&pthread_create))[argc];
#else
  (void)argc;
  return 0;
#endif
}

Determining if the function pthread_create exists in the pthreads failed with the following output:
Change Dir: /home/shymon/My/C/gtest/build/CMakeFiles/CMakeTmp

Run Build Command:"/usr/bin/make" "cmTC_624d8/fast"
/usr/bin/make -f CMakeFiles/cmTC_624d8.dir/build.make CMakeFiles/cmTC_624d8.dir/build
make[1]: Entering directory '/home/shymon/My/C/gtest/build/CMakeFiles/CMakeTmp'
Building C object CMakeFiles/cmTC_624d8.dir/CheckFunctionExists.c.o
/usr/bin/gcc-7   -DCHECK_FUNCTION_EXISTS=pthread_create -fPIE   -o CMakeFiles/cmTC_624d8.dir/CheckFunctionExists.c.o   -c /usr/share/cmake-3.10/Modules/CheckFunctionExists.c
Linking C executable cmTC_624d8
/usr/bin/cmake -E cmake_link_script CMakeFiles/cmTC_624d8.dir/link.txt --verbose=1
/usr/bin/gcc-7  -DCHECK_FUNCTION_EXISTS=pthread_create    -rdynamic CMakeFiles/cmTC_624d8.dir/CheckFunctionExists.c.o  -o cmTC_624d8 -lpthreads 
/usr/bin/ld: cannot find -lpthreads
collect2: error: ld returned 1 exit status
CMakeFiles/cmTC_624d8.dir/build.make:97: recipe for target 'cmTC_624d8' failed
make[1]: *** [cmTC_624d8] Error 1
make[1]: Leaving directory '/home/shymon/My/C/gtest/build/CMakeFiles/CMakeTmp'
Makefile:126: recipe for target 'cmTC_624d8/fast' failed
make: *** [cmTC_624d8/fast] Error 2


